#
# A fatal error has been detected by the Java Runtime Environment:
#
#  EXCEPTION_ACCESS_VIOLATION (0xc0000005) at pc=0x00007ff95faa1bc5, pid=45116, tid=25484
#
# JRE version:  (19.0.2+7) (build )
# Java VM: Java HotSpot(TM) 64-Bit Server VM (19.0.2+7-44, mixed mode, sharing, tiered, unknown gc, windows-amd64)
# Problematic frame:
# C  [jimage.dll+0x1bc5]
#
# No core dump will be written. Minidumps are not enabled by default on client versions of Windows
#
#

---------------  S U M M A R Y ------------

Command Line: 

Host: AMD Ryzen 7 3750H with Radeon Vega Mobile Gfx  , 8 cores, 15G,  Windows 10 , 64 bit Build 19041 (10.0.19041.3636)
Time: Mon Jan 29 23:29:52 2024  Windows 10 , 64 bit Build 19041 (10.0.19041.3636) elapsed time: 0.344351 seconds (0d 0h 0m 0s)

---------------  T H R E A D  ---------------

Current thread is native thread

Stack: [0x0000002e88c00000,0x0000002e88d00000],  sp=0x0000002e88cfd4a0,  free space=1013k
Native frames: (J=compiled Java code, j=interpreted, Vv=VM code, C=native code)
C  [jimage.dll+0x1bc5]
C  [jimage.dll+0x1d53]
C  [jimage.dll+0x2619]
V  [jvm.dll+0x225e6a]
V  [jvm.dll+0xcdee2]
V  [jvm.dll+0x801a63]
V  [jvm.dll+0x44ae8f]
V  [jvm.dll+0x44c811]
C  [jli.dll+0x5287]
C  [ucrtbase.dll+0x21bb2]
C  [KERNEL32.DLL+0x17344]
C  [ntdll.dll+0x526b1]


siginfo: EXCEPTION_ACCESS_VIOLATION (0xc0000005), reading address 0x000000000001141c


Registers:
RAX=0x0000000000004500, RBX=0x0000002e88cfd591, RCX=0x00007ff95faa6000, RDX=0x0000000000004500
RSP=0x0000002e88cfd4a0, RBP=0x0000002e88cfd590, RSI=0x000000000000734c, RDI=0x0000002e88cfd590
R8 =0x00007ff95faa4298, R9 =0x000000000000001c, R10=0x00007ff957dd0000, R11=0x00007ff95faa6000
R12=0x0000000000000000, R13=0x0000002e88cff9c0, R14=0x0000002e88cfe600, R15=0x00007ff8ed3b2788
RIP=0x00007ff95faa1bc5, EFLAGS=0x0000000000010212


Top of Stack: (sp=0x0000002e88cfd4a0)
0x0000002e88cfd4a0:   0000000000000000 00007ff98f79df4c
0x0000002e88cfd4b0:   000001c893af7ab0 0000002e88cfd610
0x0000002e88cfd4c0:   000001c891935970 00007ff95faa1d53
0x0000002e88cfd4d0:   000000000000000b 000001c891935970
0x0000002e88cfd4e0:   0000002e88cfd500 0000000000000010
0x0000002e88cfd4f0:   000001c891a2ab00 000001c893af8ad0
0x0000002e88cfd500:   0000000000000000 0000000000000001
0x0000002e88cfd510:   000001c893af8ac0 0000000000000050
0x0000002e88cfd520:   0000000000000000 00007ff900000011
0x0000002e88cfd530:   00003b3f943276ef 0000000047000443
0x0000002e88cfd540:   00007ff8ed392690 0000000000000017
0x0000002e88cfd550:   000001c891935970 0000002e88cfe600
0x0000002e88cfd560:   000000000000000b 00007ff95faa2619
0x0000002e88cfd570:   0000000000000610 0000000000000610
0x0000002e88cfd580:   0000000000000610 000001c847000443
0x0000002e88cfd590:   61622e6176616a2f 692f6b646a2f6573 

Instructions: (pc=0x00007ff95faa1bc5)
0x00007ff95faa1ac5:   48 85 c9 74 1d 80 3d 3f 45 00 00 00 74 06 48 8b
0x00007ff95faa1ad5:   53 18 eb 04 48 8b 53 40 e8 96 0e 00 00 48 83 63
0x00007ff95faa1ae5:   48 00 8b 4b 0c 83 f9 ff 74 09 e8 cc 0c 00 00 83
0x00007ff95faa1af5:   4b 0c ff 48 8b 4b 70 48 85 c9 74 0f ba 10 00 00
0x00007ff95faa1b05:   00 e8 ed 0e 00 00 48 83 63 70 00 48 83 c4 20 5b
0x00007ff95faa1b15:   c3 cc cc 40 53 48 83 ec 20 48 8b d9 48 8d 0d f8
0x00007ff95faa1b25:   46 00 00 e8 9b 0c 00 00 83 6b 08 01 75 24 48 8b
0x00007ff95faa1b35:   d3 48 8d 0d db 44 00 00 e8 22 08 00 00 48 8b cb
0x00007ff95faa1b45:   e8 d6 fe ff ff ba 78 00 00 00 48 8b cb e8 a1 0e
0x00007ff95faa1b55:   00 00 48 8d 0d c2 46 00 00 48 83 c4 20 5b e9 68
0x00007ff95faa1b65:   0c 00 00 48 89 5c 24 08 48 89 74 24 10 57 48 83
0x00007ff95faa1b75:   ec 20 41 8b f1 4d 8b c8 48 8b fa 4c 8b d9 4d 85
0x00007ff95faa1b85:   c0 74 78 85 f6 74 74 44 8a 12 48 8d 5a 01 48 8b
0x00007ff95faa1b95:   d3 b8 93 01 00 01 eb 12 69 c0 93 01 00 01 41 0f
0x00007ff95faa1ba5:   b6 ca 44 8a 12 33 c1 48 ff c2 45 84 d2 75 e9 4d
0x00007ff95faa1bb5:   8b 03 0f ba f0 1f 33 d2 49 8b cb f7 f6 48 63 c2
0x00007ff95faa1bc5:   41 8b 14 81 41 ff 50 08 85 c0 7e 24 8a 0f eb 10
0x00007ff95faa1bd5:   69 c0 93 01 00 01 0f b6 c9 33 c1 8a 0b 48 ff c3
0x00007ff95faa1be5:   84 c9 75 ec 0f ba f0 1f 33 d2 f7 f6 8b c2 eb 0e
0x00007ff95faa1bf5:   79 09 83 c9 ff 2b c8 8b c1 eb 03 83 c8 ff 48 8b
0x00007ff95faa1c05:   5c 24 30 48 8b 74 24 38 48 83 c4 20 5f c3 cc 48
0x00007ff95faa1c15:   89 5c 24 08 48 89 74 24 10 57 48 83 ec 20 48 8b
0x00007ff95faa1c25:   f1 48 8d 0d f3 45 00 00 e8 96 0b 00 00 33 ff 39
0x00007ff95faa1c35:   3d de 43 00 00 76 24 48 8b 05 dd 43 00 00 48 8b
0x00007ff95faa1c45:   d6 48 8b 1c f8 48 8b 0b e8 68 1e 00 00 85 c0 74
0x00007ff95faa1c55:   2b ff c7 3b 3d ba 43 00 00 72 dc 33 db 48 8d 0d
0x00007ff95faa1c65:   b7 45 00 00 e8 62 0b 00 00 48 8b 74 24 38 48 8b
0x00007ff95faa1c75:   c3 48 8b 5c 24 30 48 83 c4 20 5f c3 ff 43 08 eb
0x00007ff95faa1c85:   dc cc cc 48 89 5c 24 08 48 89 74 24 10 57 48 83
0x00007ff95faa1c95:   ec 20 48 8b d9 48 8b f2 48 8b 49 10 49 8b f8 8b
0x00007ff95faa1ca5:   53 30 48 8b 01 ff 50 20 4c 8b 43 50 48 8b d6 48
0x00007ff95faa1cb5:   8b 4b 10 44 8b c8 e8 a8 fe ff ff 83 f8 ff 74 38 



---------------  P R O C E S S  ---------------

VM state: not at safepoint (not fully initialized)

VM Mutex/Monitor currently owned by a thread: None

GC Precious Log:
<Not initialized>


Dynamic libraries:
0x00007ff6182b0000 - 0x00007ff6182c0000 	C:\Program Files\Java\jdk-19\bin\java.exe
0x00007ff98f770000 - 0x00007ff98f968000 	C:\WINDOWS\SYSTEM32\ntdll.dll
0x00007ff98d970000 - 0x00007ff98da2d000 	C:\WINDOWS\System32\KERNEL32.DLL
0x00007ff98d130000 - 0x00007ff98d426000 	C:\WINDOWS\System32\KERNELBASE.dll
0x00007ff98d530000 - 0x00007ff98d630000 	C:\WINDOWS\System32\ucrtbase.dll
0x00007ff956a20000 - 0x00007ff956a38000 	C:\Program Files\Java\jdk-19\bin\jli.dll
0x00007ff98f200000 - 0x00007ff98f2b3000 	C:\WINDOWS\System32\ADVAPI32.dll
0x00007ff98e600000 - 0x00007ff98e69e000 	C:\WINDOWS\System32\msvcrt.dll
0x00007ff98eae0000 - 0x00007ff98eb7f000 	C:\WINDOWS\System32\sechost.dll
0x00007ff98e830000 - 0x00007ff98e956000 	C:\WINDOWS\System32\RPCRT4.dll
0x00007ff98d790000 - 0x00007ff98d7b7000 	C:\WINDOWS\System32\bcrypt.dll
0x00007ff98d7d0000 - 0x00007ff98d96e000 	C:\WINDOWS\System32\USER32.dll
0x00007ff98cfe0000 - 0x00007ff98d002000 	C:\WINDOWS\System32\win32u.dll
0x00007ff98e980000 - 0x00007ff98e9ac000 	C:\WINDOWS\System32\GDI32.dll
0x00007ff98d010000 - 0x00007ff98d12a000 	C:\WINDOWS\System32\gdi32full.dll
0x00007ff98cf40000 - 0x00007ff98cfdd000 	C:\WINDOWS\System32\msvcp_win.dll
0x00007ff957dd0000 - 0x00007ff957deb000 	C:\Program Files\Java\jdk-19\bin\VCRUNTIME140.dll
0x00007ff97c250000 - 0x00007ff97c4ea000 	C:\WINDOWS\WinSxS\amd64_microsoft.windows.common-controls_6595b64144ccf1df_6.0.19041.3636_none_60b6a03d71f818d5\COMCTL32.dll
0x00007ff985700000 - 0x00007ff98570a000 	C:\WINDOWS\SYSTEM32\VERSION.dll
0x00007ff98f460000 - 0x00007ff98f490000 	C:\WINDOWS\System32\IMM32.DLL
0x00007ff95fb00000 - 0x00007ff95fb0c000 	C:\Program Files\Java\jdk-19\bin\vcruntime140_1.dll
0x00007ff947040000 - 0x00007ff9470ce000 	C:\Program Files\Java\jdk-19\bin\msvcp140.dll
0x00007ff8eca40000 - 0x00007ff8ed700000 	C:\Program Files\Java\jdk-19\bin\server\jvm.dll
0x00007ff988600000 - 0x00007ff988609000 	C:\WINDOWS\SYSTEM32\WSOCK32.dll
0x00007ff98f620000 - 0x00007ff98f68b000 	C:\WINDOWS\System32\WS2_32.dll
0x00007ff982300000 - 0x00007ff982327000 	C:\WINDOWS\SYSTEM32\WINMM.dll
0x00007ff98b680000 - 0x00007ff98b692000 	C:\WINDOWS\SYSTEM32\kernel.appcore.dll
0x00007ff95faa0000 - 0x00007ff95faaa000 	C:\Program Files\Java\jdk-19\bin\jimage.dll
0x00007ff98aa30000 - 0x00007ff98ac14000 	C:\WINDOWS\SYSTEM32\DBGHELP.DLL
0x00007ff976870000 - 0x00007ff9768a4000 	C:\WINDOWS\SYSTEM32\dbgcore.DLL
0x00007ff98ce40000 - 0x00007ff98cec2000 	C:\WINDOWS\System32\bcryptPrimitives.dll

dbghelp: loaded successfully - version: 4.0.5 - missing functions: none
symbol engine: initialized successfully - sym options: 0x614 - pdb path: .;C:\Program Files\Java\jdk-19\bin;C:\WINDOWS\SYSTEM32;C:\WINDOWS\WinSxS\amd64_microsoft.windows.common-controls_6595b64144ccf1df_6.0.19041.3636_none_60b6a03d71f818d5;C:\Program Files\Java\jdk-19\bin\server

VM Arguments:
java_command: <unknown>
java_class_path (initial): <not set>
Launcher Type: SUN_STANDARD

[Global flags]
     bool UseLargePagesIndividualAllocation        = false                                  {pd product} {ergonomic}

Logging:
Log output configuration:
 #0: stdout all=warning uptime,level,tags foldmultilines=false
 #1: stderr all=off uptime,level,tags foldmultilines=false

Environment Variables:
PATH=C:\Program Files\Common Files\Oracle\Java\javapath;C:\Program Files (x86)\Common Files\Oracle\Java\javapath;C:\Windows\system32;C:\Windows;C:\Windows\System32\Wbem;C:\Windows\System32\WindowsPowerShell\v1.0\;C:\Windows\System32\OpenSSH\;C:\Program Files (x86)\NVIDIA Corporation\PhysX\Common;C:\Program Files\NVIDIA Corporation\NVIDIA NvDLISR;C:\Programy\MATLAB\R2020a\bin;C:\Program Files\Microsoft SQL Server\Client SDK\ODBC\170\Tools\Binn\;C:\Program Files (x86)\Microsoft SQL Server\150\Tools\Binn\;C:\Program Files\Microsoft SQL Server\150\Tools\Binn\;C:\Program Files\Microsoft SQL Server\150\DTS\Binn\;C:\Program Files (x86)\Microsoft SQL Server\150\DTS\Binn\;C:\WINDOWS\system32;C:\WINDOWS;C:\WINDOWS\System32\Wbem;C:\WINDOWS\System32\WindowsPowerShell\v1.0\;C:\WINDOWS\System32\OpenSSH\;C:\Program Files\dotnet\;C:\Program Files (x86)\Windows Kits\10\Windows Performance Toolkit\;C:\Program Files\PowerShell\7-preview\preview;C:\Program Files\PowerShell\7\;C:\Program Files\Git\cmd;C:\Program Files\MySQL\MySQL Shell 8.0\bin\;C:\Users\szymo\miniconda3;C:\Users\szymo\miniconda3\Library\mingw-w64\bin;C:\Users\szymo\miniconda3\Library\usr\bin;C:\Users\szymo\miniconda3\Library\bin;C:\Users\szymo\miniconda3\Scripts;C:\Users\szymo\AppData\Local\Programs\Python\Python311\Scripts\;C:\Users\szymo\AppData\Local\Programs\Python\Python311\;C:\Users\szymo\anaconda3\python.exe;C:\Users\szymo\AppData\Local\Microsoft\WindowsApps;C:\Programy\SCIPOptSuite 7.0.0\bin;C:\Users\szymo\AppData\Local\GitHubDesktop\bin;C:\Programy\Microsoft VS Code\bin;C:\PathPrograms
USERNAME=szymo
OS=Windows_NT
PROCESSOR_IDENTIFIER=AMD64 Family 23 Model 24 Stepping 1, AuthenticAMD
TMP=C:\Users\szymo\AppData\Local\Temp
TEMP=C:\Users\szymo\AppData\Local\Temp



---------------  S Y S T E M  ---------------

OS:
 Windows 10 , 64 bit Build 19041 (10.0.19041.3636)
OS uptime: 3 days 13:27 hours

CPU: total 8 (initial active 0) 

Memory: 4k page, system-wide physical 15807M (2435M free)
TotalPageFile size 64959M (AvailPageFile size 5M)
current process WorkingSet (physical memory assigned to process): 8M, peak: 8M
current process commit charge ("private bytes"): 3M, peak: 3M

vm_info: Java HotSpot(TM) 64-Bit Server VM (19.0.2+7-44) for windows-amd64 JRE (19.0.2+7-44), built on 2022-11-30T18:02:09Z by "mach5one" with MS VC++ 17.1 (VS2022)

END.
