#
# There is insufficient memory for the Java Runtime Environment to continue.
# Native memory allocation (malloc) failed to allocate 229536 bytes for Chunk::new
# Possible reasons:
#   The system is out of physical RAM or swap space
#   The process is running with CompressedOops enabled, and the Java Heap may be blocking the growth of the native heap
# Possible solutions:
#   Reduce memory load on the system
#   Increase physical memory or swap space
#   Check if swap backing store is full
#   Decrease Java heap size (-Xmx/-Xms)
#   Decrease number of Java threads
#   Decrease Java thread stack sizes (-Xss)
#   Set larger code cache with -XX:ReservedCodeCacheSize=
#   JVM is running with Zero Based Compressed Oops mode in which the Java heap is
#     placed in the first 32GB address space. The Java Heap base address is the
#     maximum limit for the native heap growth. Please use -XX:HeapBaseMinAddress
#     to set the Java Heap base and to place the Java Heap above 32GB virtual address.
# This output file may be truncated or incomplete.
#
#  Out of Memory Error (arena.cpp:184), pid=25780, tid=3620
#
# JRE version: Java(TM) SE Runtime Environment (19.0.2+7) (build 19.0.2+7-44)
# Java VM: Java HotSpot(TM) 64-Bit Server VM (19.0.2+7-44, mixed mode, sharing, tiered, compressed oops, compressed class ptrs, g1 gc, windows-amd64)
# No core dump will be written. Minidumps are not enabled by default on client versions of Windows
#

---------------  S U M M A R Y ------------

Command Line: D:\Projekty\Github\ServiceMeshProj\jarFiles\agent.jar 9020 localhost 9100 localhost 1

Host: AMD Ryzen 7 3750H with Radeon Vega Mobile Gfx  , 8 cores, 15G,  Windows 10 , 64 bit Build 19041 (10.0.19041.3636)
Time: Mon Jan 29 23:29:54 2024  Windows 10 , 64 bit Build 19041 (10.0.19041.3636) elapsed time: 56.740832 seconds (0d 0h 0m 56s)

---------------  T H R E A D  ---------------

Current thread (0x0000028fba7cc060):  JavaThread "C2 CompilerThread0" daemon [_thread_in_native, id=3620, stack(0x000000b6fdb00000,0x000000b6fdc00000)]


Current CompileTask:
C2:  56740  665       4       java.lang.String::split (327 bytes)

Stack: [0x000000b6fdb00000,0x000000b6fdc00000]
Native frames: (J=compiled Java code, j=interpreted, Vv=VM code, C=native code)
V  [jvm.dll+0x6ee21a]
V  [jvm.dll+0x85765e]
V  [jvm.dll+0x85904e]
V  [jvm.dll+0x859703]
V  [jvm.dll+0x28298f]
V  [jvm.dll+0xc9adf]
V  [jvm.dll+0xc9e65]
V  [jvm.dll+0x2f7caf]
V  [jvm.dll+0x5f076b]
V  [jvm.dll+0x255483]
V  [jvm.dll+0x24dd00]
V  [jvm.dll+0x24b673]
V  [jvm.dll+0x1d6ce1]
V  [jvm.dll+0x25b25a]
V  [jvm.dll+0x2596e8]
V  [jvm.dll+0x807588]
V  [jvm.dll+0x80125a]
V  [jvm.dll+0x6ecf0b]
C  [ucrtbase.dll+0x21bb2]
C  [KERNEL32.DLL+0x17344]
C  [ntdll.dll+0x526b1]


---------------  P R O C E S S  ---------------

Threads class SMR info:
_java_thread_list=0x0000028fbed40a40, length=13, elements={
0x0000028f97834fb0, 0x0000028fba7bed40, 0x0000028fba7bfad0, 0x0000028fba7c4c50,
0x0000028fba7c6730, 0x0000028fba7c9780, 0x0000028fba7c77a0, 0x0000028fba7cc060,
0x0000028fba7ccb70, 0x0000028fba7ca770, 0x0000028fba7c7cf0, 0x0000028fba7c7250,
0x0000028fba7c8240
}

Java Threads: ( => current thread )
  0x0000028f97834fb0 JavaThread "main" [_thread_in_native, id=27352, stack(0x000000b6fce00000,0x000000b6fcf00000)]
  0x0000028fba7bed40 JavaThread "Reference Handler" daemon [_thread_blocked, id=22736, stack(0x000000b6fd500000,0x000000b6fd600000)]
  0x0000028fba7bfad0 JavaThread "Finalizer" daemon [_thread_blocked, id=17400, stack(0x000000b6fd600000,0x000000b6fd700000)]
  0x0000028fba7c4c50 JavaThread "Signal Dispatcher" daemon [_thread_blocked, id=14160, stack(0x000000b6fd700000,0x000000b6fd800000)]
  0x0000028fba7c6730 JavaThread "Attach Listener" daemon [_thread_blocked, id=30212, stack(0x000000b6fd800000,0x000000b6fd900000)]
  0x0000028fba7c9780 JavaThread "Service Thread" daemon [_thread_blocked, id=28256, stack(0x000000b6fd900000,0x000000b6fda00000)]
  0x0000028fba7c77a0 JavaThread "Monitor Deflation Thread" daemon [_thread_blocked, id=31440, stack(0x000000b6fda00000,0x000000b6fdb00000)]
=>0x0000028fba7cc060 JavaThread "C2 CompilerThread0" daemon [_thread_in_native, id=3620, stack(0x000000b6fdb00000,0x000000b6fdc00000)]
  0x0000028fba7ccb70 JavaThread "C1 CompilerThread0" daemon [_thread_blocked, id=20464, stack(0x000000b6fdc00000,0x000000b6fdd00000)]
  0x0000028fba7ca770 JavaThread "Sweeper thread" daemon [_thread_blocked, id=22324, stack(0x000000b6fdd00000,0x000000b6fde00000)]
  0x0000028fba7c7cf0 JavaThread "Notification Thread" daemon [_thread_blocked, id=22852, stack(0x000000b6fde00000,0x000000b6fdf00000)]
  0x0000028fba7c7250 JavaThread "Common-Cleaner" daemon [_thread_blocked, id=23044, stack(0x000000b6fe000000,0x000000b6fe100000)]
  0x0000028fba7c8240 JavaThread "Thread-0" [_thread_in_native, id=18692, stack(0x000000b6fe100000,0x000000b6fe200000)]

Other Threads:
  0x0000028fba79e1c0 VMThread "VM Thread" [stack: 0x000000b6fd400000,0x000000b6fd500000] [id=21548]
  0x0000028fbed270f0 WatcherThread "VM Periodic Task Thread" [stack: 0x000000b6fdf00000,0x000000b6fe000000] [id=27696]
  0x0000028f978a3260 WorkerThread "GC Thread#0" [stack: 0x000000b6fcf00000,0x000000b6fd000000] [id=14308]
  0x0000028f978b3870 ConcurrentGCThread "G1 Main Marker" [stack: 0x000000b6fd000000,0x000000b6fd100000] [id=21920]
  0x0000028f978b4850 WorkerThread "G1 Conc#0" [stack: 0x000000b6fd100000,0x000000b6fd200000] [id=12968]
  0x0000028f978feaa0 ConcurrentGCThread "G1 Refine#0" [stack: 0x000000b6fd200000,0x000000b6fd300000] [id=28500]
  0x0000028fba65ba80 ConcurrentGCThread "G1 Service" [stack: 0x000000b6fd300000,0x000000b6fd400000] [id=23776]

Threads with active compile tasks:
C2 CompilerThread0    56764  665       4       java.lang.String::split (327 bytes)

VM state: not at safepoint (normal execution)

VM Mutex/Monitor currently owned by a thread: None

Heap address: 0x0000000709000000, size: 3952 MB, Compressed Oops mode: Zero based, Oop shift amount: 3

CDS archive(s) mapped at: [0x0000000800000000-0x0000000800c40000-0x0000000800c40000), size 12845056, SharedBaseAddress: 0x0000000800000000, ArchiveRelocationMode: 0.
Compressed class space mapped at: 0x0000000801000000-0x0000000841000000, reserved size: 1073741824
Narrow klass base: 0x0000000800000000, Narrow klass shift: 0, Narrow klass range: 0x100000000

GC Precious Log:
 CardTable entry size: 512
 Card Set container configuration: InlinePtr #cards 4 size 8 Array Of Cards #cards 16 size 48 Howl #buckets 8 coarsen threshold 3686 Howl Bitmap #cards 512 size 80 coarsen threshold 460 Card regions per heap region 1 cards per card region 4096
 CPUs: 8 total, 8 available
 Memory: 15807M
 Large Page Support: Disabled
 NUMA Support: Disabled
 Compressed Oops: Enabled (Zero based)
 Heap Region Size: 2M
 Heap Min Capacity: 8M
 Heap Initial Capacity: 248M
 Heap Max Capacity: 3952M
 Pre-touch: Disabled
 Parallel Workers: 8
 Concurrent Workers: 2
 Concurrent Refinement Workers: 8
 Periodic GC: Disabled

Heap:
 garbage-first heap   total 253952K, used 10240K [0x0000000709000000, 0x0000000800000000)
  region size 2048K, 6 young (12288K), 0 survivors (0K)
 Metaspace       used 1411K, committed 1600K, reserved 1114112K
  class space    used 102K, committed 192K, reserved 1048576K

Heap Regions: E=young(eden), S=young(survivor), O=old, HS=humongous(starts), HC=humongous(continues), CS=collection set, F=free, OA=open archive, CA=closed archive, TAMS=top-at-mark-start (previous, next)
|   0|0x0000000709000000, 0x0000000709000000, 0x0000000709200000|  0%| F|  |TAMS 0x0000000709000000, 0x0000000709000000| Untracked 
|   1|0x0000000709200000, 0x0000000709200000, 0x0000000709400000|  0%| F|  |TAMS 0x0000000709200000, 0x0000000709200000| Untracked 
|   2|0x0000000709400000, 0x0000000709400000, 0x0000000709600000|  0%| F|  |TAMS 0x0000000709400000, 0x0000000709400000| Untracked 
|   3|0x0000000709600000, 0x0000000709600000, 0x0000000709800000|  0%| F|  |TAMS 0x0000000709600000, 0x0000000709600000| Untracked 
|   4|0x0000000709800000, 0x0000000709800000, 0x0000000709a00000|  0%| F|  |TAMS 0x0000000709800000, 0x0000000709800000| Untracked 
|   5|0x0000000709a00000, 0x0000000709a00000, 0x0000000709c00000|  0%| F|  |TAMS 0x0000000709a00000, 0x0000000709a00000| Untracked 
|   6|0x0000000709c00000, 0x0000000709c00000, 0x0000000709e00000|  0%| F|  |TAMS 0x0000000709c00000, 0x0000000709c00000| Untracked 
|   7|0x0000000709e00000, 0x0000000709e00000, 0x000000070a000000|  0%| F|  |TAMS 0x0000000709e00000, 0x0000000709e00000| Untracked 
|   8|0x000000070a000000, 0x000000070a000000, 0x000000070a200000|  0%| F|  |TAMS 0x000000070a000000, 0x000000070a000000| Untracked 
|   9|0x000000070a200000, 0x000000070a200000, 0x000000070a400000|  0%| F|  |TAMS 0x000000070a200000, 0x000000070a200000| Untracked 
|  10|0x000000070a400000, 0x000000070a400000, 0x000000070a600000|  0%| F|  |TAMS 0x000000070a400000, 0x000000070a400000| Untracked 
|  11|0x000000070a600000, 0x000000070a600000, 0x000000070a800000|  0%| F|  |TAMS 0x000000070a600000, 0x000000070a600000| Untracked 
|  12|0x000000070a800000, 0x000000070a800000, 0x000000070aa00000|  0%| F|  |TAMS 0x000000070a800000, 0x000000070a800000| Untracked 
|  13|0x000000070aa00000, 0x000000070aa00000, 0x000000070ac00000|  0%| F|  |TAMS 0x000000070aa00000, 0x000000070aa00000| Untracked 
|  14|0x000000070ac00000, 0x000000070ac00000, 0x000000070ae00000|  0%| F|  |TAMS 0x000000070ac00000, 0x000000070ac00000| Untracked 
|  15|0x000000070ae00000, 0x000000070ae00000, 0x000000070b000000|  0%| F|  |TAMS 0x000000070ae00000, 0x000000070ae00000| Untracked 
|  16|0x000000070b000000, 0x000000070b000000, 0x000000070b200000|  0%| F|  |TAMS 0x000000070b000000, 0x000000070b000000| Untracked 
|  17|0x000000070b200000, 0x000000070b200000, 0x000000070b400000|  0%| F|  |TAMS 0x000000070b200000, 0x000000070b200000| Untracked 
|  18|0x000000070b400000, 0x000000070b400000, 0x000000070b600000|  0%| F|  |TAMS 0x000000070b400000, 0x000000070b400000| Untracked 
|  19|0x000000070b600000, 0x000000070b600000, 0x000000070b800000|  0%| F|  |TAMS 0x000000070b600000, 0x000000070b600000| Untracked 
|  20|0x000000070b800000, 0x000000070b800000, 0x000000070ba00000|  0%| F|  |TAMS 0x000000070b800000, 0x000000070b800000| Untracked 
|  21|0x000000070ba00000, 0x000000070ba00000, 0x000000070bc00000|  0%| F|  |TAMS 0x000000070ba00000, 0x000000070ba00000| Untracked 
|  22|0x000000070bc00000, 0x000000070bc00000, 0x000000070be00000|  0%| F|  |TAMS 0x000000070bc00000, 0x000000070bc00000| Untracked 
|  23|0x000000070be00000, 0x000000070be00000, 0x000000070c000000|  0%| F|  |TAMS 0x000000070be00000, 0x000000070be00000| Untracked 
|  24|0x000000070c000000, 0x000000070c000000, 0x000000070c200000|  0%| F|  |TAMS 0x000000070c000000, 0x000000070c000000| Untracked 
|  25|0x000000070c200000, 0x000000070c200000, 0x000000070c400000|  0%| F|  |TAMS 0x000000070c200000, 0x000000070c200000| Untracked 
|  26|0x000000070c400000, 0x000000070c400000, 0x000000070c600000|  0%| F|  |TAMS 0x000000070c400000, 0x000000070c400000| Untracked 
|  27|0x000000070c600000, 0x000000070c600000, 0x000000070c800000|  0%| F|  |TAMS 0x000000070c600000, 0x000000070c600000| Untracked 
|  28|0x000000070c800000, 0x000000070c800000, 0x000000070ca00000|  0%| F|  |TAMS 0x000000070c800000, 0x000000070c800000| Untracked 
|  29|0x000000070ca00000, 0x000000070ca00000, 0x000000070cc00000|  0%| F|  |TAMS 0x000000070ca00000, 0x000000070ca00000| Untracked 
|  30|0x000000070cc00000, 0x000000070cc00000, 0x000000070ce00000|  0%| F|  |TAMS 0x000000070cc00000, 0x000000070cc00000| Untracked 
|  31|0x000000070ce00000, 0x000000070ce00000, 0x000000070d000000|  0%| F|  |TAMS 0x000000070ce00000, 0x000000070ce00000| Untracked 
|  32|0x000000070d000000, 0x000000070d000000, 0x000000070d200000|  0%| F|  |TAMS 0x000000070d000000, 0x000000070d000000| Untracked 
|  33|0x000000070d200000, 0x000000070d200000, 0x000000070d400000|  0%| F|  |TAMS 0x000000070d200000, 0x000000070d200000| Untracked 
|  34|0x000000070d400000, 0x000000070d400000, 0x000000070d600000|  0%| F|  |TAMS 0x000000070d400000, 0x000000070d400000| Untracked 
|  35|0x000000070d600000, 0x000000070d600000, 0x000000070d800000|  0%| F|  |TAMS 0x000000070d600000, 0x000000070d600000| Untracked 
|  36|0x000000070d800000, 0x000000070d800000, 0x000000070da00000|  0%| F|  |TAMS 0x000000070d800000, 0x000000070d800000| Untracked 
|  37|0x000000070da00000, 0x000000070da00000, 0x000000070dc00000|  0%| F|  |TAMS 0x000000070da00000, 0x000000070da00000| Untracked 
|  38|0x000000070dc00000, 0x000000070dc00000, 0x000000070de00000|  0%| F|  |TAMS 0x000000070dc00000, 0x000000070dc00000| Untracked 
|  39|0x000000070de00000, 0x000000070de00000, 0x000000070e000000|  0%| F|  |TAMS 0x000000070de00000, 0x000000070de00000| Untracked 
|  40|0x000000070e000000, 0x000000070e000000, 0x000000070e200000|  0%| F|  |TAMS 0x000000070e000000, 0x000000070e000000| Untracked 
|  41|0x000000070e200000, 0x000000070e200000, 0x000000070e400000|  0%| F|  |TAMS 0x000000070e200000, 0x000000070e200000| Untracked 
|  42|0x000000070e400000, 0x000000070e400000, 0x000000070e600000|  0%| F|  |TAMS 0x000000070e400000, 0x000000070e400000| Untracked 
|  43|0x000000070e600000, 0x000000070e600000, 0x000000070e800000|  0%| F|  |TAMS 0x000000070e600000, 0x000000070e600000| Untracked 
|  44|0x000000070e800000, 0x000000070e800000, 0x000000070ea00000|  0%| F|  |TAMS 0x000000070e800000, 0x000000070e800000| Untracked 
|  45|0x000000070ea00000, 0x000000070ea00000, 0x000000070ec00000|  0%| F|  |TAMS 0x000000070ea00000, 0x000000070ea00000| Untracked 
|  46|0x000000070ec00000, 0x000000070ec00000, 0x000000070ee00000|  0%| F|  |TAMS 0x000000070ec00000, 0x000000070ec00000| Untracked 
|  47|0x000000070ee00000, 0x000000070ee00000, 0x000000070f000000|  0%| F|  |TAMS 0x000000070ee00000, 0x000000070ee00000| Untracked 
|  48|0x000000070f000000, 0x000000070f000000, 0x000000070f200000|  0%| F|  |TAMS 0x000000070f000000, 0x000000070f000000| Untracked 
|  49|0x000000070f200000, 0x000000070f200000, 0x000000070f400000|  0%| F|  |TAMS 0x000000070f200000, 0x000000070f200000| Untracked 
|  50|0x000000070f400000, 0x000000070f400000, 0x000000070f600000|  0%| F|  |TAMS 0x000000070f400000, 0x000000070f400000| Untracked 
|  51|0x000000070f600000, 0x000000070f600000, 0x000000070f800000|  0%| F|  |TAMS 0x000000070f600000, 0x000000070f600000| Untracked 
|  52|0x000000070f800000, 0x000000070f800000, 0x000000070fa00000|  0%| F|  |TAMS 0x000000070f800000, 0x000000070f800000| Untracked 
|  53|0x000000070fa00000, 0x000000070fa00000, 0x000000070fc00000|  0%| F|  |TAMS 0x000000070fa00000, 0x000000070fa00000| Untracked 
|  54|0x000000070fc00000, 0x000000070fc00000, 0x000000070fe00000|  0%| F|  |TAMS 0x000000070fc00000, 0x000000070fc00000| Untracked 
|  55|0x000000070fe00000, 0x000000070fe00000, 0x0000000710000000|  0%| F|  |TAMS 0x000000070fe00000, 0x000000070fe00000| Untracked 
|  56|0x0000000710000000, 0x0000000710000000, 0x0000000710200000|  0%| F|  |TAMS 0x0000000710000000, 0x0000000710000000| Untracked 
|  57|0x0000000710200000, 0x0000000710200000, 0x0000000710400000|  0%| F|  |TAMS 0x0000000710200000, 0x0000000710200000| Untracked 
|  58|0x0000000710400000, 0x0000000710400000, 0x0000000710600000|  0%| F|  |TAMS 0x0000000710400000, 0x0000000710400000| Untracked 
|  59|0x0000000710600000, 0x0000000710600000, 0x0000000710800000|  0%| F|  |TAMS 0x0000000710600000, 0x0000000710600000| Untracked 
|  60|0x0000000710800000, 0x0000000710800000, 0x0000000710a00000|  0%| F|  |TAMS 0x0000000710800000, 0x0000000710800000| Untracked 
|  61|0x0000000710a00000, 0x0000000710a00000, 0x0000000710c00000|  0%| F|  |TAMS 0x0000000710a00000, 0x0000000710a00000| Untracked 
|  62|0x0000000710c00000, 0x0000000710c00000, 0x0000000710e00000|  0%| F|  |TAMS 0x0000000710c00000, 0x0000000710c00000| Untracked 
|  63|0x0000000710e00000, 0x0000000710e00000, 0x0000000711000000|  0%| F|  |TAMS 0x0000000710e00000, 0x0000000710e00000| Untracked 
|  64|0x0000000711000000, 0x0000000711000000, 0x0000000711200000|  0%| F|  |TAMS 0x0000000711000000, 0x0000000711000000| Untracked 
|  65|0x0000000711200000, 0x0000000711200000, 0x0000000711400000|  0%| F|  |TAMS 0x0000000711200000, 0x0000000711200000| Untracked 
|  66|0x0000000711400000, 0x0000000711400000, 0x0000000711600000|  0%| F|  |TAMS 0x0000000711400000, 0x0000000711400000| Untracked 
|  67|0x0000000711600000, 0x0000000711600000, 0x0000000711800000|  0%| F|  |TAMS 0x0000000711600000, 0x0000000711600000| Untracked 
|  68|0x0000000711800000, 0x0000000711800000, 0x0000000711a00000|  0%| F|  |TAMS 0x0000000711800000, 0x0000000711800000| Untracked 
|  69|0x0000000711a00000, 0x0000000711a00000, 0x0000000711c00000|  0%| F|  |TAMS 0x0000000711a00000, 0x0000000711a00000| Untracked 
|  70|0x0000000711c00000, 0x0000000711c00000, 0x0000000711e00000|  0%| F|  |TAMS 0x0000000711c00000, 0x0000000711c00000| Untracked 
|  71|0x0000000711e00000, 0x0000000711e00000, 0x0000000712000000|  0%| F|  |TAMS 0x0000000711e00000, 0x0000000711e00000| Untracked 
|  72|0x0000000712000000, 0x0000000712000000, 0x0000000712200000|  0%| F|  |TAMS 0x0000000712000000, 0x0000000712000000| Untracked 
|  73|0x0000000712200000, 0x0000000712200000, 0x0000000712400000|  0%| F|  |TAMS 0x0000000712200000, 0x0000000712200000| Untracked 
|  74|0x0000000712400000, 0x0000000712400000, 0x0000000712600000|  0%| F|  |TAMS 0x0000000712400000, 0x0000000712400000| Untracked 
|  75|0x0000000712600000, 0x0000000712600000, 0x0000000712800000|  0%| F|  |TAMS 0x0000000712600000, 0x0000000712600000| Untracked 
|  76|0x0000000712800000, 0x0000000712800000, 0x0000000712a00000|  0%| F|  |TAMS 0x0000000712800000, 0x0000000712800000| Untracked 
|  77|0x0000000712a00000, 0x0000000712a00000, 0x0000000712c00000|  0%| F|  |TAMS 0x0000000712a00000, 0x0000000712a00000| Untracked 
|  78|0x0000000712c00000, 0x0000000712c00000, 0x0000000712e00000|  0%| F|  |TAMS 0x0000000712c00000, 0x0000000712c00000| Untracked 
|  79|0x0000000712e00000, 0x0000000712e00000, 0x0000000713000000|  0%| F|  |TAMS 0x0000000712e00000, 0x0000000712e00000| Untracked 
|  80|0x0000000713000000, 0x0000000713000000, 0x0000000713200000|  0%| F|  |TAMS 0x0000000713000000, 0x0000000713000000| Untracked 
|  81|0x0000000713200000, 0x0000000713200000, 0x0000000713400000|  0%| F|  |TAMS 0x0000000713200000, 0x0000000713200000| Untracked 
|  82|0x0000000713400000, 0x0000000713400000, 0x0000000713600000|  0%| F|  |TAMS 0x0000000713400000, 0x0000000713400000| Untracked 
|  83|0x0000000713600000, 0x0000000713600000, 0x0000000713800000|  0%| F|  |TAMS 0x0000000713600000, 0x0000000713600000| Untracked 
|  84|0x0000000713800000, 0x0000000713800000, 0x0000000713a00000|  0%| F|  |TAMS 0x0000000713800000, 0x0000000713800000| Untracked 
|  85|0x0000000713a00000, 0x0000000713a00000, 0x0000000713c00000|  0%| F|  |TAMS 0x0000000713a00000, 0x0000000713a00000| Untracked 
|  86|0x0000000713c00000, 0x0000000713c00000, 0x0000000713e00000|  0%| F|  |TAMS 0x0000000713c00000, 0x0000000713c00000| Untracked 
|  87|0x0000000713e00000, 0x0000000713e00000, 0x0000000714000000|  0%| F|  |TAMS 0x0000000713e00000, 0x0000000713e00000| Untracked 
|  88|0x0000000714000000, 0x0000000714000000, 0x0000000714200000|  0%| F|  |TAMS 0x0000000714000000, 0x0000000714000000| Untracked 
|  89|0x0000000714200000, 0x0000000714200000, 0x0000000714400000|  0%| F|  |TAMS 0x0000000714200000, 0x0000000714200000| Untracked 
|  90|0x0000000714400000, 0x0000000714400000, 0x0000000714600000|  0%| F|  |TAMS 0x0000000714400000, 0x0000000714400000| Untracked 
|  91|0x0000000714600000, 0x0000000714600000, 0x0000000714800000|  0%| F|  |TAMS 0x0000000714600000, 0x0000000714600000| Untracked 
|  92|0x0000000714800000, 0x0000000714800000, 0x0000000714a00000|  0%| F|  |TAMS 0x0000000714800000, 0x0000000714800000| Untracked 
|  93|0x0000000714a00000, 0x0000000714a00000, 0x0000000714c00000|  0%| F|  |TAMS 0x0000000714a00000, 0x0000000714a00000| Untracked 
|  94|0x0000000714c00000, 0x0000000714c00000, 0x0000000714e00000|  0%| F|  |TAMS 0x0000000714c00000, 0x0000000714c00000| Untracked 
|  95|0x0000000714e00000, 0x0000000714e00000, 0x0000000715000000|  0%| F|  |TAMS 0x0000000714e00000, 0x0000000714e00000| Untracked 
|  96|0x0000000715000000, 0x0000000715000000, 0x0000000715200000|  0%| F|  |TAMS 0x0000000715000000, 0x0000000715000000| Untracked 
|  97|0x0000000715200000, 0x0000000715200000, 0x0000000715400000|  0%| F|  |TAMS 0x0000000715200000, 0x0000000715200000| Untracked 
|  98|0x0000000715400000, 0x0000000715400000, 0x0000000715600000|  0%| F|  |TAMS 0x0000000715400000, 0x0000000715400000| Untracked 
|  99|0x0000000715600000, 0x0000000715600000, 0x0000000715800000|  0%| F|  |TAMS 0x0000000715600000, 0x0000000715600000| Untracked 
| 100|0x0000000715800000, 0x0000000715800000, 0x0000000715a00000|  0%| F|  |TAMS 0x0000000715800000, 0x0000000715800000| Untracked 
| 101|0x0000000715a00000, 0x0000000715a00000, 0x0000000715c00000|  0%| F|  |TAMS 0x0000000715a00000, 0x0000000715a00000| Untracked 
| 102|0x0000000715c00000, 0x0000000715c00000, 0x0000000715e00000|  0%| F|  |TAMS 0x0000000715c00000, 0x0000000715c00000| Untracked 
| 103|0x0000000715e00000, 0x0000000715e00000, 0x0000000716000000|  0%| F|  |TAMS 0x0000000715e00000, 0x0000000715e00000| Untracked 
| 104|0x0000000716000000, 0x0000000716000000, 0x0000000716200000|  0%| F|  |TAMS 0x0000000716000000, 0x0000000716000000| Untracked 
| 105|0x0000000716200000, 0x0000000716200000, 0x0000000716400000|  0%| F|  |TAMS 0x0000000716200000, 0x0000000716200000| Untracked 
| 106|0x0000000716400000, 0x0000000716400000, 0x0000000716600000|  0%| F|  |TAMS 0x0000000716400000, 0x0000000716400000| Untracked 
| 107|0x0000000716600000, 0x0000000716600000, 0x0000000716800000|  0%| F|  |TAMS 0x0000000716600000, 0x0000000716600000| Untracked 
| 108|0x0000000716800000, 0x0000000716800000, 0x0000000716a00000|  0%| F|  |TAMS 0x0000000716800000, 0x0000000716800000| Untracked 
| 109|0x0000000716a00000, 0x0000000716a00000, 0x0000000716c00000|  0%| F|  |TAMS 0x0000000716a00000, 0x0000000716a00000| Untracked 
| 110|0x0000000716c00000, 0x0000000716c00000, 0x0000000716e00000|  0%| F|  |TAMS 0x0000000716c00000, 0x0000000716c00000| Untracked 
| 111|0x0000000716e00000, 0x0000000716e00000, 0x0000000717000000|  0%| F|  |TAMS 0x0000000716e00000, 0x0000000716e00000| Untracked 
| 112|0x0000000717000000, 0x0000000717000000, 0x0000000717200000|  0%| F|  |TAMS 0x0000000717000000, 0x0000000717000000| Untracked 
| 113|0x0000000717200000, 0x0000000717200000, 0x0000000717400000|  0%| F|  |TAMS 0x0000000717200000, 0x0000000717200000| Untracked 
| 114|0x0000000717400000, 0x0000000717400000, 0x0000000717600000|  0%| F|  |TAMS 0x0000000717400000, 0x0000000717400000| Untracked 
| 115|0x0000000717600000, 0x0000000717600000, 0x0000000717800000|  0%| F|  |TAMS 0x0000000717600000, 0x0000000717600000| Untracked 
| 116|0x0000000717800000, 0x0000000717800000, 0x0000000717a00000|  0%| F|  |TAMS 0x0000000717800000, 0x0000000717800000| Untracked 
| 117|0x0000000717a00000, 0x0000000717a00000, 0x0000000717c00000|  0%| F|  |TAMS 0x0000000717a00000, 0x0000000717a00000| Untracked 
| 118|0x0000000717c00000, 0x0000000717d527c0, 0x0000000717e00000| 66%| E|  |TAMS 0x0000000717c00000, 0x0000000717c00000| Complete 
| 119|0x0000000717e00000, 0x0000000718000000, 0x0000000718000000|100%| E|CS|TAMS 0x0000000717e00000, 0x0000000717e00000| Complete 
| 120|0x0000000718000000, 0x0000000718200000, 0x0000000718200000|100%| E|CS|TAMS 0x0000000718000000, 0x0000000718000000| Complete 
| 121|0x0000000718200000, 0x0000000718400000, 0x0000000718400000|100%| E|CS|TAMS 0x0000000718200000, 0x0000000718200000| Complete 
| 122|0x0000000718400000, 0x0000000718600000, 0x0000000718600000|100%| E|CS|TAMS 0x0000000718400000, 0x0000000718400000| Complete 
| 123|0x0000000718600000, 0x0000000718800000, 0x0000000718800000|100%| E|CS|TAMS 0x0000000718600000, 0x0000000718600000| Complete 

Card table byte_map: [0x0000028faf290000,0x0000028fafa50000] _byte_map_base: 0x0000028faba48000

Marking Bits (Prev, Next): (CMBitMap*) 0x0000028f978a36a0, (CMBitMap*) 0x0000028f978a36e0
 Prev Bits: [0x0000028fb0210000, 0x0000028fb3fd0000)
 Next Bits: [0x0000028fb3fd0000, 0x0000028fb7d90000)

Polling page: 0x0000028f97000000

Metaspace:

Usage:
  Non-class:      1.28 MB used.
      Class:    102.17 KB used.
       Both:      1.38 MB used.

Virtual space:
  Non-class space:       64.00 MB reserved,       1.38 MB (  2%) committed,  1 nodes.
      Class space:        1.00 GB reserved,     192.00 KB ( <1%) committed,  1 nodes.
             Both:        1.06 GB reserved,       1.56 MB ( <1%) committed. 

Chunk freelists:
   Non-Class:  3.88 MB
       Class:  3.70 MB
        Both:  7.59 MB

MaxMetaspaceSize: unlimited
CompressedClassSpaceSize: 1.00 GB
Initial GC threshold: 21.00 MB
Current GC threshold: 21.00 MB
CDS: on
MetaspaceReclaimPolicy: balanced
 - commit_granule_bytes: 65536.
 - commit_granule_words: 8192.
 - virtual_space_node_default_size: 8388608.
 - enlarge_chunks_in_place: 1.
 - new_chunks_are_fully_committed: 0.
 - uncommit_free_chunks: 1.
 - use_allocation_guard: 0.


Internal statistics:

num_allocs_failed_limit: 0.
num_arena_births: 92.
num_arena_deaths: 0.
num_vsnodes_births: 2.
num_vsnodes_deaths: 0.
num_space_committed: 25.
num_space_uncommitted: 0.
num_chunks_returned_to_freelist: 0.
num_chunks_taken_from_freelist: 111.
num_chunk_merges: 0.
num_chunk_splits: 72.
num_chunks_enlarged: 38.
num_inconsistent_stats: 0.

CodeHeap 'non-profiled nmethods': size=120000Kb used=183Kb max_used=183Kb free=119816Kb
 bounds [0x0000028fa7270000, 0x0000028fa74e0000, 0x0000028fae7a0000]
CodeHeap 'profiled nmethods': size=120000Kb used=1164Kb max_used=1164Kb free=118835Kb
 bounds [0x0000028f9f7a0000, 0x0000028f9fa10000, 0x0000028fa6cd0000]
CodeHeap 'non-nmethods': size=5760Kb used=1226Kb max_used=1247Kb free=4533Kb
 bounds [0x0000028fa6cd0000, 0x0000028fa6f40000, 0x0000028fa7270000]
 total_blobs=1095 nmethods=664 adapters=342
 compilation: enabled
              stopped_count=0, restarted_count=0
 full_count=0

Compilation events (20 events):
Event: 56.275 Thread 0x0000028fba7ccb70 nmethod 653 0x0000028f9f8c0e90 code [0x0000028f9f8c1040, 0x0000028f9f8c11b8]
Event: 56.275 Thread 0x0000028fba7ccb70  655       3       java.lang.ProcessHandleImpl::getInternal (13 bytes)
Event: 56.275 Thread 0x0000028fba7ccb70 nmethod 655 0x0000028f9f8c1290 code [0x0000028f9f8c1440, 0x0000028f9f8c16c8]
Event: 56.275 Thread 0x0000028fba7ccb70  656       3       java.lang.ProcessImpl$2::<init> (20 bytes)
Event: 56.276 Thread 0x0000028fba7ccb70 nmethod 656 0x0000028f9f8c1810 code [0x0000028f9f8c19c0, 0x0000028f9f8c1bf8]
Event: 56.276 Thread 0x0000028fba7ccb70  657       3       Agent$MicroServiceData::<init> (31 bytes)
Event: 56.276 Thread 0x0000028fba7ccb70 nmethod 657 0x0000028f9f8c1d10 code [0x0000028f9f8c1ec0, 0x0000028f9f8c21b8]
Event: 56.355 Thread 0x0000028fba7cc060  658       4       java.lang.System::lineSeparator (4 bytes)
Event: 56.356 Thread 0x0000028fba7cc060 nmethod 658 0x0000028fa7299510 code [0x0000028fa7299680, 0x0000028fa72996f8]
Event: 56.430 Thread 0x0000028fba7cc060  659       4       java.util.ArrayList::grow (60 bytes)
Event: 56.434 Thread 0x0000028fba7cc060 nmethod 659 0x0000028fa7299810 code [0x0000028fa72999c0, 0x0000028fa7299d98]
Event: 56.476 Thread 0x0000028fba7cc060  660       4       java.lang.StringUTF16::getChar (60 bytes)
Event: 56.477 Thread 0x0000028fba7cc060 nmethod 660 0x0000028fa7299f10 code [0x0000028fa729a0a0, 0x0000028fa729a178]
Event: 56.626 Thread 0x0000028fba7cc060  661       4       java.lang.String::split (327 bytes)
Event: 56.664 Thread 0x0000028fba7ccb70  663       3       java.lang.invoke.LambdaForm$MH/0x0000000801001c00::invoke (25 bytes)
Event: 56.665 Thread 0x0000028fba7ccb70 nmethod 663 0x0000028f9f8c2290 code [0x0000028f9f8c2460, 0x0000028f9f8c28f8]
Event: 56.665 Thread 0x0000028fba7ccb70  664       3       java.lang.invoke.DirectMethodHandle$Holder::invokeStatic (15 bytes)
Event: 56.665 Thread 0x0000028fba7ccb70 nmethod 664 0x0000028f9f8c2a10 code [0x0000028f9f8c2be0, 0x0000028f9f8c3018]
Event: 56.695 Thread 0x0000028fba7cc060 nmethod 661 0x0000028fa729a690 code [0x0000028fa729a920, 0x0000028fa729c660]
Event: 56.709 Thread 0x0000028fba7cc060  665       4       java.lang.String::split (327 bytes)

GC Heap History (0 events):
No events

Dll operation events (7 events):
Event: 0.010 Loaded shared library C:\Program Files\Java\jdk-19\bin\java.dll
Event: 0.021 Loaded shared library C:\Program Files\Java\jdk-19\bin\jsvml.dll
Event: 0.067 Loaded shared library C:\Program Files\Java\jdk-19\bin\net.dll
Event: 0.070 Loaded shared library C:\Program Files\Java\jdk-19\bin\nio.dll
Event: 0.074 Loaded shared library C:\Program Files\Java\jdk-19\bin\zip.dll
Event: 0.097 Loaded shared library C:\Program Files\Java\jdk-19\bin\extnet.dll
Event: 0.103 Loaded shared library C:\Program Files\Java\jdk-19\bin\jimage.dll

Deoptimization events (12 events):
Event: 28.860 Thread 0x0000028fba7c8240 DEOPT PACKING pc=0x0000028f9f7b69e7 sp=0x000000b6fe1feec0
Event: 28.860 Thread 0x0000028fba7c8240 DEOPT UNPACKING pc=0x0000028fa6d37543 sp=0x000000b6fe1fe2e0 mode 0
Event: 29.378 Thread 0x0000028fba7c8240 DEOPT PACKING pc=0x0000028f9f7b43d1 sp=0x000000b6fe1fee00
Event: 29.378 Thread 0x0000028fba7c8240 DEOPT UNPACKING pc=0x0000028fa6d37543 sp=0x000000b6fe1fe278 mode 0
Event: 52.464 Thread 0x0000028fba7c8240 DEOPT PACKING pc=0x0000028f9f831507 sp=0x000000b6fe1fe8f0
Event: 52.464 Thread 0x0000028fba7c8240 DEOPT UNPACKING pc=0x0000028fa6d37543 sp=0x000000b6fe1fde78 mode 0
Event: 56.099 Thread 0x0000028fba7c8240 DEOPT PACKING pc=0x0000028f9f86b351 sp=0x000000b6fe1fe860
Event: 56.099 Thread 0x0000028fba7c8240 DEOPT UNPACKING pc=0x0000028fa6d37543 sp=0x000000b6fe1fdc88 mode 0
Event: 56.697 Thread 0x0000028fba7c8240 Uncommon trap: trap_request=0xffffffcc fr.pc=0x0000028fa729bf78 relative=0x0000000000001658
Event: 56.698 Thread 0x0000028fba7c8240 Uncommon trap: reason=intrinsic_or_type_checked_inlining action=make_not_entrant pc=0x0000028fa729bf78 method=java.util.ArrayList$SubList.toArray([Ljava/lang/Object;)[Ljava/lang/Object; @ 58 c2
Event: 56.698 Thread 0x0000028fba7c8240 DEOPT PACKING pc=0x0000028fa729bf78 sp=0x000000b6fe1fefa0
Event: 56.698 Thread 0x0000028fba7c8240 DEOPT UNPACKING pc=0x0000028fa6d36da3 sp=0x000000b6fe1feec8 mode 2

Classes loaded (20 events):
Event: 28.401 Loading class java/util/concurrent/SynchronousQueue
Event: 28.401 Loading class java/util/concurrent/BlockingQueue
Event: 28.401 Loading class java/util/concurrent/BlockingQueue done
Event: 28.401 Loading class java/util/AbstractQueue
Event: 28.401 Loading class java/util/AbstractQueue done
Event: 28.401 Loading class java/util/concurrent/SynchronousQueue done
Event: 28.401 Loading class java/util/concurrent/SynchronousQueue$TransferStack
Event: 28.402 Loading class java/util/concurrent/SynchronousQueue$Transferer
Event: 28.402 Loading class java/util/concurrent/SynchronousQueue$Transferer done
Event: 28.402 Loading class java/util/concurrent/SynchronousQueue$TransferStack done
Event: 28.402 Loading class java/util/concurrent/SynchronousQueue$TransferStack$SNode
Event: 28.402 Loading class java/util/concurrent/SynchronousQueue$TransferStack$SNode done
Event: 28.403 Loading class java/lang/ProcessImpl$2
Event: 28.403 Loading class java/lang/ProcessImpl$2 done
Event: 28.403 Loading class java/lang/Process$PipeInputStream
Event: 28.403 Loading class java/lang/Process$PipeInputStream done
Event: 28.403 Loading class jdk/internal/event/ProcessStartEvent
Event: 28.403 Loading class jdk/internal/event/Event
Event: 28.403 Loading class jdk/internal/event/Event done
Event: 28.403 Loading class jdk/internal/event/ProcessStartEvent done

Classes unloaded (0 events):
No events

Classes redefined (0 events):
No events

Internal exceptions (20 events):
Event: 56.291 Thread 0x0000028fba7c8240 Exception <a 'java/io/IOException'{0x0000000717c6e080}: CreateProcess error=8, Za mało zasobów pamięci, aby można było przetworzyć to polecenie> (0x0000000717c6e080) 
thrown [s\open\src\hotspot\share\prims\jni.cpp, line 536]
Event: 56.304 Thread 0x0000028fba7c8240 Exception <a 'java/io/IOException'{0x0000000717c70b30}: CreateProcess error=1455, Plik stronicowania jest za mały do ukończenia tej operacji> (0x0000000717c70b30) 
thrown [s\open\src\hotspot\share\prims\jni.cpp, line 536]
Event: 56.313 Thread 0x0000028fba7c8240 Exception <a 'java/io/IOException'{0x0000000717c73888}: CreateProcess error=1455, Plik stronicowania jest za mały do ukończenia tej operacji> (0x0000000717c73888) 
thrown [s\open\src\hotspot\share\prims\jni.cpp, line 536]
Event: 56.341 Thread 0x0000028fba7c8240 Exception <a 'java/io/IOException'{0x0000000717c7c518}: CreateProcess error=1450, Zasoby systemowe nie wystarczają do ukończenia żądanej usługi> (0x0000000717c7c518) 
thrown [s\open\src\hotspot\share\prims\jni.cpp, line 536]
Event: 56.350 Thread 0x0000028fba7c8240 Exception <a 'java/io/IOException'{0x0000000717c7efc8}: CreateProcess error=1455, Plik stronicowania jest za mały do ukończenia tej operacji> (0x0000000717c7efc8) 
thrown [s\open\src\hotspot\share\prims\jni.cpp, line 536]
Event: 56.362 Thread 0x0000028fba7c8240 Exception <a 'java/io/IOException'{0x0000000717c820a8}: CreateProcess error=1455, Plik stronicowania jest za mały do ukończenia tej operacji> (0x0000000717c820a8) 
thrown [s\open\src\hotspot\share\prims\jni.cpp, line 536]
Event: 56.434 Thread 0x0000028fba7c8240 Exception <a 'java/io/IOException'{0x0000000717c97140}: CreateProcess error=1455, Plik stronicowania jest za mały do ukończenia tej operacji> (0x0000000717c97140) 
thrown [s\open\src\hotspot\share\prims\jni.cpp, line 536]
Event: 56.442 Thread 0x0000028fba7c8240 Exception <a 'java/io/IOException'{0x0000000717c99bc0}: CreateProcess error=1455, Plik stronicowania jest za mały do ukończenia tej operacji> (0x0000000717c99bc0) 
thrown [s\open\src\hotspot\share\prims\jni.cpp, line 536]
Event: 56.454 Thread 0x0000028fba7c8240 Exception <a 'java/io/IOException'{0x0000000717c9c648}: CreateProcess error=8, Za mało zasobów pamięci, aby można było przetworzyć to polecenie> (0x0000000717c9c648) 
thrown [s\open\src\hotspot\share\prims\jni.cpp, line 536]
Event: 56.467 Thread 0x0000028fba7c8240 Exception <a 'java/io/IOException'{0x0000000717c9f0f8}: CreateProcess error=1455, Plik stronicowania jest za mały do ukończenia tej operacji> (0x0000000717c9f0f8) 
thrown [s\open\src\hotspot\share\prims\jni.cpp, line 536]
Event: 56.475 Thread 0x0000028fba7c8240 Exception <a 'java/io/IOException'{0x0000000717ca1b78}: CreateProcess error=1455, Plik stronicowania jest za mały do ukończenia tej operacji> (0x0000000717ca1b78) 
thrown [s\open\src\hotspot\share\prims\jni.cpp, line 536]
Event: 56.581 Thread 0x0000028fba7c8240 Exception <a 'java/io/IOException'{0x0000000717cc30f0}: CreateProcess error=1455, Plik stronicowania jest za mały do ukończenia tej operacji> (0x0000000717cc30f0) 
thrown [s\open\src\hotspot\share\prims\jni.cpp, line 536]
Event: 56.592 Thread 0x0000028fba7c8240 Exception <a 'java/io/IOException'{0x0000000717cc5b70}: CreateProcess error=1455, Plik stronicowania jest za mały do ukończenia tej operacji> (0x0000000717cc5b70) 
thrown [s\open\src\hotspot\share\prims\jni.cpp, line 536]
Event: 56.606 Thread 0x0000028fba7c8240 Exception <a 'java/io/IOException'{0x0000000717cc85f0}: CreateProcess error=1455, Plik stronicowania jest za mały do ukończenia tej operacji> (0x0000000717cc85f0) 
thrown [s\open\src\hotspot\share\prims\jni.cpp, line 536]
Event: 56.621 Thread 0x0000028fba7c8240 Exception <a 'java/io/IOException'{0x0000000717ccb070}: CreateProcess error=1455, Plik stronicowania jest za mały do ukończenia tej operacji> (0x0000000717ccb070) 
thrown [s\open\src\hotspot\share\prims\jni.cpp, line 536]
Event: 56.629 Thread 0x0000028fba7c8240 Exception <a 'java/io/IOException'{0x0000000717ccdaf0}: CreateProcess error=1455, Plik stronicowania jest za mały do ukończenia tej operacji> (0x0000000717ccdaf0) 
thrown [s\open\src\hotspot\share\prims\jni.cpp, line 536]
Event: 56.639 Thread 0x0000028fba7c8240 Exception <a 'java/io/IOException'{0x0000000717cd0570}: CreateProcess error=1455, Plik stronicowania jest za mały do ukończenia tej operacji> (0x0000000717cd0570) 
thrown [s\open\src\hotspot\share\prims\jni.cpp, line 536]
Event: 56.689 Thread 0x0000028fba7c8240 Exception <a 'java/io/IOException'{0x0000000717cdf400}: CreateProcess error=1455, Plik stronicowania jest za mały do ukończenia tej operacji> (0x0000000717cdf400) 
thrown [s\open\src\hotspot\share\prims\jni.cpp, line 536]
Event: 56.702 Thread 0x0000028fba7c8240 Exception <a 'java/io/IOException'{0x0000000717ce20e0}: CreateProcess error=1455, Plik stronicowania jest za mały do ukończenia tej operacji> (0x0000000717ce20e0) 
thrown [s\open\src\hotspot\share\prims\jni.cpp, line 536]
Event: 56.713 Thread 0x0000028fba7c8240 Exception <a 'java/io/IOException'{0x0000000717ce4b60}: CreateProcess error=1455, Plik stronicowania jest za mały do ukończenia tej operacji> (0x0000000717ce4b60) 
thrown [s\open\src\hotspot\share\prims\jni.cpp, line 536]

VM Operations (20 events):
Event: 39.333 Executing VM operation: Cleanup
Event: 39.334 Executing VM operation: Cleanup done
Event: 40.340 Executing VM operation: Cleanup
Event: 40.340 Executing VM operation: Cleanup done
Event: 41.341 Executing VM operation: Cleanup
Event: 41.341 Executing VM operation: Cleanup done
Event: 42.348 Executing VM operation: Cleanup
Event: 42.348 Executing VM operation: Cleanup done
Event: 48.397 Executing VM operation: Cleanup
Event: 48.397 Executing VM operation: Cleanup done
Event: 50.400 Executing VM operation: Cleanup
Event: 50.400 Executing VM operation: Cleanup done
Event: 51.411 Executing VM operation: Cleanup
Event: 51.411 Executing VM operation: Cleanup done
Event: 53.426 Executing VM operation: Cleanup
Event: 53.426 Executing VM operation: Cleanup done
Event: 55.439 Executing VM operation: Cleanup
Event: 55.439 Executing VM operation: Cleanup done
Event: 56.441 Executing VM operation: Cleanup
Event: 56.441 Executing VM operation: Cleanup done

Events (13 events):
Event: 0.021 Thread 0x0000028f97834fb0 Thread added: 0x0000028f97834fb0
Event: 0.038 Thread 0x0000028fba7bed40 Thread added: 0x0000028fba7bed40
Event: 0.038 Thread 0x0000028fba7bfad0 Thread added: 0x0000028fba7bfad0
Event: 0.039 Thread 0x0000028fba7c4c50 Thread added: 0x0000028fba7c4c50
Event: 0.039 Thread 0x0000028fba7c6730 Thread added: 0x0000028fba7c6730
Event: 0.039 Thread 0x0000028fba7c9780 Thread added: 0x0000028fba7c9780
Event: 0.039 Thread 0x0000028fba7c77a0 Thread added: 0x0000028fba7c77a0
Event: 0.039 Thread 0x0000028fba7cc060 Thread added: 0x0000028fba7cc060
Event: 0.039 Thread 0x0000028fba7ccb70 Thread added: 0x0000028fba7ccb70
Event: 0.039 Thread 0x0000028fba7ca770 Thread added: 0x0000028fba7ca770
Event: 0.060 Thread 0x0000028fba7c7cf0 Thread added: 0x0000028fba7c7cf0
Event: 0.062 Thread 0x0000028fba7c7250 Thread added: 0x0000028fba7c7250
Event: 0.091 Thread 0x0000028fba7c8240 Thread added: 0x0000028fba7c8240


Dynamic libraries:
0x00007ff6182b0000 - 0x00007ff6182c0000 	C:\Program Files\Java\jdk-19\bin\java.exe
0x00007ff98f770000 - 0x00007ff98f968000 	C:\WINDOWS\SYSTEM32\ntdll.dll
0x00007ff98d970000 - 0x00007ff98da2d000 	C:\WINDOWS\System32\KERNEL32.DLL
0x00007ff98d130000 - 0x00007ff98d426000 	C:\WINDOWS\System32\KERNELBASE.dll
0x00007ff98d530000 - 0x00007ff98d630000 	C:\WINDOWS\System32\ucrtbase.dll
0x00007ff957dd0000 - 0x00007ff957deb000 	C:\Program Files\Java\jdk-19\bin\VCRUNTIME140.dll
0x00007ff956a20000 - 0x00007ff956a38000 	C:\Program Files\Java\jdk-19\bin\jli.dll
0x00007ff98f200000 - 0x00007ff98f2b3000 	C:\WINDOWS\System32\ADVAPI32.dll
0x00007ff98e600000 - 0x00007ff98e69e000 	C:\WINDOWS\System32\msvcrt.dll
0x00007ff98eae0000 - 0x00007ff98eb7f000 	C:\WINDOWS\System32\sechost.dll
0x00007ff98e830000 - 0x00007ff98e956000 	C:\WINDOWS\System32\RPCRT4.dll
0x00007ff98d790000 - 0x00007ff98d7b7000 	C:\WINDOWS\System32\bcrypt.dll
0x00007ff98d7d0000 - 0x00007ff98d96e000 	C:\WINDOWS\System32\USER32.dll
0x00007ff98cfe0000 - 0x00007ff98d002000 	C:\WINDOWS\System32\win32u.dll
0x00007ff98e980000 - 0x00007ff98e9ac000 	C:\WINDOWS\System32\GDI32.dll
0x00007ff98d010000 - 0x00007ff98d12a000 	C:\WINDOWS\System32\gdi32full.dll
0x00007ff98cf40000 - 0x00007ff98cfdd000 	C:\WINDOWS\System32\msvcp_win.dll
0x00007ff97c250000 - 0x00007ff97c4ea000 	C:\WINDOWS\WinSxS\amd64_microsoft.windows.common-controls_6595b64144ccf1df_6.0.19041.3636_none_60b6a03d71f818d5\COMCTL32.dll
0x00007ff985700000 - 0x00007ff98570a000 	C:\WINDOWS\SYSTEM32\VERSION.dll
0x00007ff98f460000 - 0x00007ff98f490000 	C:\WINDOWS\System32\IMM32.DLL
0x00007ff95fb00000 - 0x00007ff95fb0c000 	C:\Program Files\Java\jdk-19\bin\vcruntime140_1.dll
0x00007ff947040000 - 0x00007ff9470ce000 	C:\Program Files\Java\jdk-19\bin\msvcp140.dll
0x00007ff8eca40000 - 0x00007ff8ed700000 	C:\Program Files\Java\jdk-19\bin\server\jvm.dll
0x00007ff982300000 - 0x00007ff982327000 	C:\WINDOWS\SYSTEM32\WINMM.dll
0x00007ff988600000 - 0x00007ff988609000 	C:\WINDOWS\SYSTEM32\WSOCK32.dll
0x00007ff98f620000 - 0x00007ff98f68b000 	C:\WINDOWS\System32\WS2_32.dll
0x00007ff98b680000 - 0x00007ff98b692000 	C:\WINDOWS\SYSTEM32\kernel.appcore.dll
0x00007ff95faa0000 - 0x00007ff95faaa000 	C:\Program Files\Java\jdk-19\bin\jimage.dll
0x00007ff98aa30000 - 0x00007ff98ac14000 	C:\WINDOWS\SYSTEM32\DBGHELP.DLL
0x00007ff976870000 - 0x00007ff9768a4000 	C:\WINDOWS\SYSTEM32\dbgcore.DLL
0x00007ff98ce40000 - 0x00007ff98cec2000 	C:\WINDOWS\System32\bcryptPrimitives.dll
0x00007ff94a650000 - 0x00007ff94a676000 	C:\Program Files\Java\jdk-19\bin\java.dll
0x00007ff931b60000 - 0x00007ff931c37000 	C:\Program Files\Java\jdk-19\bin\jsvml.dll
0x00007ff98daf0000 - 0x00007ff98e235000 	C:\WINDOWS\System32\SHELL32.dll
0x00007ff98ac20000 - 0x00007ff98b3bb000 	C:\WINDOWS\SYSTEM32\windows.storage.dll
0x00007ff98e2a0000 - 0x00007ff98e5f4000 	C:\WINDOWS\System32\combase.dll
0x00007ff98c870000 - 0x00007ff98c89d000 	C:\WINDOWS\SYSTEM32\Wldp.dll
0x00007ff98da40000 - 0x00007ff98daed000 	C:\WINDOWS\System32\SHCORE.dll
0x00007ff98e7d0000 - 0x00007ff98e825000 	C:\WINDOWS\System32\shlwapi.dll
0x00007ff98cd70000 - 0x00007ff98cd95000 	C:\WINDOWS\SYSTEM32\profapi.dll
0x00007ff951cd0000 - 0x00007ff951ce3000 	C:\Program Files\Java\jdk-19\bin\net.dll
0x00007ff983b20000 - 0x00007ff983c2a000 	C:\WINDOWS\SYSTEM32\WINHTTP.dll
0x00007ff98c5d0000 - 0x00007ff98c63a000 	C:\WINDOWS\system32\mswsock.dll
0x00007ff94ad30000 - 0x00007ff94ad46000 	C:\Program Files\Java\jdk-19\bin\nio.dll
0x00007ff94aa50000 - 0x00007ff94aa68000 	C:\Program Files\Java\jdk-19\bin\zip.dll
0x00007ff95dc80000 - 0x00007ff95dc88000 	C:\Program Files\Java\jdk-19\bin\extnet.dll
0x00007ff98c2c0000 - 0x00007ff98c38a000 	C:\WINDOWS\SYSTEM32\DNSAPI.dll
0x00007ff98c270000 - 0x00007ff98c2ab000 	C:\WINDOWS\SYSTEM32\IPHLPAPI.DLL
0x00007ff98d7c0000 - 0x00007ff98d7c8000 	C:\WINDOWS\System32\NSI.dll
0x00007ff985750000 - 0x00007ff98575a000 	C:\Windows\System32\rasadhlp.dll
0x00007ff9805b0000 - 0x00007ff980630000 	C:\WINDOWS\System32\fwpuclnt.dll

dbghelp: loaded successfully - version: 4.0.5 - missing functions: none
symbol engine: initialized successfully - sym options: 0x614 - pdb path: .;C:\Program Files\Java\jdk-19\bin;C:\WINDOWS\SYSTEM32;C:\WINDOWS\WinSxS\amd64_microsoft.windows.common-controls_6595b64144ccf1df_6.0.19041.3636_none_60b6a03d71f818d5;C:\Program Files\Java\jdk-19\bin\server

VM Arguments:
java_command: D:\Projekty\Github\ServiceMeshProj\jarFiles\agent.jar 9020 localhost 9100 localhost 1
java_class_path (initial): D:\Projekty\Github\ServiceMeshProj\jarFiles\agent.jar
Launcher Type: SUN_STANDARD

[Global flags]
     intx CICompilerCount                          = 4                                         {product} {ergonomic}
     uint ConcGCThreads                            = 2                                         {product} {ergonomic}
     uint G1ConcRefinementThreads                  = 8                                         {product} {ergonomic}
   size_t G1HeapRegionSize                         = 2097152                                   {product} {ergonomic}
    uintx GCDrainStackTargetSize                   = 64                                        {product} {ergonomic}
   size_t InitialHeapSize                          = 260046848                                 {product} {ergonomic}
   size_t MarkStackSize                            = 4194304                                   {product} {ergonomic}
   size_t MaxHeapSize                              = 4143972352                                {product} {ergonomic}
   size_t MaxNewSize                               = 2485125120                                {product} {ergonomic}
   size_t MinHeapDeltaBytes                        = 2097152                                   {product} {ergonomic}
   size_t MinHeapSize                              = 8388608                                   {product} {ergonomic}
    uintx NonNMethodCodeHeapSize                   = 5839372                                {pd product} {ergonomic}
    uintx NonProfiledCodeHeapSize                  = 122909434                              {pd product} {ergonomic}
    uintx ProfiledCodeHeapSize                     = 122909434                              {pd product} {ergonomic}
    uintx ReservedCodeCacheSize                    = 251658240                              {pd product} {ergonomic}
     bool SegmentedCodeCache                       = true                                      {product} {ergonomic}
   size_t SoftMaxHeapSize                          = 4143972352                             {manageable} {ergonomic}
     bool UseCompressedClassPointers               = true                           {product lp64_product} {ergonomic}
     bool UseCompressedOops                        = true                           {product lp64_product} {ergonomic}
     bool UseG1GC                                  = true                                      {product} {ergonomic}
     bool UseLargePagesIndividualAllocation        = false                                  {pd product} {ergonomic}

Logging:
Log output configuration:
 #0: stdout all=warning uptime,level,tags foldmultilines=false
 #1: stderr all=off uptime,level,tags foldmultilines=false

Environment Variables:
PATH=C:\Program Files\Common Files\Oracle\Java\javapath;C:\Program Files (x86)\Common Files\Oracle\Java\javapath;C:\Windows\system32;C:\Windows;C:\Windows\System32\Wbem;C:\Windows\System32\WindowsPowerShell\v1.0\;C:\Windows\System32\OpenSSH\;C:\Program Files (x86)\NVIDIA Corporation\PhysX\Common;C:\Program Files\NVIDIA Corporation\NVIDIA NvDLISR;C:\Programy\MATLAB\R2020a\bin;C:\Program Files\Microsoft SQL Server\Client SDK\ODBC\170\Tools\Binn\;C:\Program Files (x86)\Microsoft SQL Server\150\Tools\Binn\;C:\Program Files\Microsoft SQL Server\150\Tools\Binn\;C:\Program Files\Microsoft SQL Server\150\DTS\Binn\;C:\Program Files (x86)\Microsoft SQL Server\150\DTS\Binn\;C:\WINDOWS\system32;C:\WINDOWS;C:\WINDOWS\System32\Wbem;C:\WINDOWS\System32\WindowsPowerShell\v1.0\;C:\WINDOWS\System32\OpenSSH\;C:\Program Files\dotnet\;C:\Program Files (x86)\Windows Kits\10\Windows Performance Toolkit\;C:\Program Files\PowerShell\7-preview\preview;C:\Program Files\PowerShell\7\;C:\Program Files\Git\cmd;C:\Program Files\MySQL\MySQL Shell 8.0\bin\;C:\Users\szymo\miniconda3;C:\Users\szymo\miniconda3\Library\mingw-w64\bin;C:\Users\szymo\miniconda3\Library\usr\bin;C:\Users\szymo\miniconda3\Library\bin;C:\Users\szymo\miniconda3\Scripts;C:\Users\szymo\AppData\Local\Programs\Python\Python311\Scripts\;C:\Users\szymo\AppData\Local\Programs\Python\Python311\;C:\Users\szymo\anaconda3\python.exe;C:\Users\szymo\AppData\Local\Microsoft\WindowsApps;C:\Programy\SCIPOptSuite 7.0.0\bin;C:\Users\szymo\AppData\Local\GitHubDesktop\bin;C:\Programy\Microsoft VS Code\bin;C:\PathPrograms
USERNAME=szymo
OS=Windows_NT
PROCESSOR_IDENTIFIER=AMD64 Family 23 Model 24 Stepping 1, AuthenticAMD
TMP=C:\Users\szymo\AppData\Local\Temp
TEMP=C:\Users\szymo\AppData\Local\Temp



---------------  S Y S T E M  ---------------

OS:
 Windows 10 , 64 bit Build 19041 (10.0.19041.3636)
OS uptime: 3 days 13:27 hours

CPU: total 8 (initial active 8) (8 cores per cpu, 2 threads per core) family 23 model 24 stepping 1 microcode 0x0, cx8, cmov, fxsr, ht, mmx, 3dnowpref, sse, sse2, sse3, ssse3, sse4a, sse4.1, sse4.2, popcnt, lzcnt, tsc, tscinvbit, avx, avx2, aes, clmul, bmi1, bmi2, adx, sha, fma, vzeroupper, clflush, clflushopt, rdtscp

Memory: 4k page, system-wide physical 15807M (2445M free)
TotalPageFile size 64959M (AvailPageFile size 5M)
current process WorkingSet (physical memory assigned to process): 48M, peak: 48M
current process commit charge ("private bytes"): 340M, peak: 341M

vm_info: Java HotSpot(TM) 64-Bit Server VM (19.0.2+7-44) for windows-amd64 JRE (19.0.2+7-44), built on 2022-11-30T18:02:09Z by "mach5one" with MS VC++ 17.1 (VS2022)

END.
