#
# There is insufficient memory for the Java Runtime Environment to continue.
# Native memory allocation (mmap) failed to map 260046848 bytes for G1 virtual space
# Possible reasons:
#   The system is out of physical RAM or swap space
#   The process is running with CompressedOops enabled, and the Java Heap may be blocking the growth of the native heap
# Possible solutions:
#   Reduce memory load on the system
#   Increase physical memory or swap space
#   Check if swap backing store is full
#   Decrease Java heap size (-Xmx/-Xms)
#   Decrease number of Java threads
#   Decrease Java thread stack sizes (-Xss)
#   Set larger code cache with -XX:ReservedCodeCacheSize=
#   JVM is running with Zero Based Compressed Oops mode in which the Java heap is
#     placed in the first 32GB address space. The Java Heap base address is the
#     maximum limit for the native heap growth. Please use -XX:HeapBaseMinAddress
#     to set the Java Heap base and to place the Java Heap above 32GB virtual address.
# This output file may be truncated or incomplete.
#
#  Out of Memory Error (os_windows.cpp:3536), pid=44828, tid=45064
#
# JRE version:  (19.0.2+7) (build )
# Java VM: Java HotSpot(TM) 64-Bit Server VM (19.0.2+7-44, mixed mode, sharing, tiered, compressed oops, compressed class ptrs, g1 gc, windows-amd64)
# No core dump will be written. Minidumps are not enabled by default on client versions of Windows
#

---------------  S U M M A R Y ------------

Command Line: D:\Projekty\Github\ServiceMeshProj\jarFiles\login.jar localhost 9020 8860 localhost

Host: AMD Ryzen 7 3750H with Radeon Vega Mobile Gfx  , 8 cores, 15G,  Windows 10 , 64 bit Build 19041 (10.0.19041.3636)
Time: Mon Jan 29 23:29:46 2024  Windows 10 , 64 bit Build 19041 (10.0.19041.3636) elapsed time: 0.021529 seconds (0d 0h 0m 0s)

---------------  T H R E A D  ---------------

Current thread (0x0000016bfb1e3430):  JavaThread "Unknown thread" [_thread_in_vm, id=45064, stack(0x000000657fa00000,0x000000657fb00000)]

Stack: [0x000000657fa00000,0x000000657fb00000]
Native frames: (J=compiled Java code, j=interpreted, Vv=VM code, C=native code)
V  [jvm.dll+0x6ee21a]
V  [jvm.dll+0x85765e]
V  [jvm.dll+0x85904e]
V  [jvm.dll+0x859703]
V  [jvm.dll+0x28298f]
V  [jvm.dll+0x6eb009]
V  [jvm.dll+0x6dfbaa]
V  [jvm.dll+0x3573f6]
V  [jvm.dll+0x35ee56]
V  [jvm.dll+0x3b541e]
V  [jvm.dll+0x3b564f]
V  [jvm.dll+0x32c9ea]
V  [jvm.dll+0x32d89e]
V  [jvm.dll+0x821780]
V  [jvm.dll+0x3c2661]
V  [jvm.dll+0x801f51]
V  [jvm.dll+0x44ae8f]
V  [jvm.dll+0x44c811]
C  [jli.dll+0x5287]
C  [ucrtbase.dll+0x21bb2]
C  [KERNEL32.DLL+0x17344]
C  [ntdll.dll+0x526b1]


---------------  P R O C E S S  ---------------

Threads class SMR info:
_java_thread_list=0x00007ff8ed5bd048, length=0, elements={
}

Java Threads: ( => current thread )

Other Threads:
  0x0000016bfb251da0 WorkerThread "GC Thread#0" [stack: 0x000000657fb00000,0x000000657fc00000] [id=3156]
  0x0000016bfb265230 ConcurrentGCThread "G1 Main Marker" [stack: 0x000000657fc00000,0x000000657fd00000] [id=44100]
  0x0000016bfb265a70 WorkerThread "G1 Conc#0" [stack: 0x000000657fd00000,0x000000657fe00000] [id=45648]

[error occurred during error reporting (printing all threads), id 0xc0000005, EXCEPTION_ACCESS_VIOLATION (0xc0000005) at pc=0x00007ff8ecd7d427]

VM state: not at safepoint (not fully initialized)

VM Mutex/Monitor currently owned by a thread:  ([mutex/lock_event])
[0x0000016bfb1e02d0] Heap_lock - owner thread: 0x0000016bfb1e3430

Heap address: 0x0000000709000000, size: 3952 MB, Compressed Oops mode: Zero based, Oop shift amount: 3

CDS archive(s) mapped at: [0x0000000000000000-0x0000000000000000-0x0000000000000000), size 0, SharedBaseAddress: 0x0000000800000000, ArchiveRelocationMode: 0.
Narrow klass base: 0x0000000000000000, Narrow klass shift: 0, Narrow klass range: 0x0

GC Precious Log:
 CardTable entry size: 512
 Card Set container configuration: InlinePtr #cards 4 size 8 Array Of Cards #cards 16 size 48 Howl #buckets 8 coarsen threshold 3686 Howl Bitmap #cards 512 size 80 coarsen threshold 460 Card regions per heap region 1 cards per card region 4096

Heap:
 garbage-first heap   total 0K, used 0K [0x0000000709000000, 0x0000000800000000)
  region size 2048K, 0 young (0K), 0 survivors (0K)

[error occurred during error reporting (printing heap information), id 0xc0000005, EXCEPTION_ACCESS_VIOLATION (0xc0000005) at pc=0x00007ff8ed186649]

GC Heap History (0 events):
No events

Dll operation events (1 events):
Event: 0.014 Loaded shared library C:\Program Files\Java\jdk-19\bin\java.dll

Deoptimization events (0 events):
No events

Classes loaded (0 events):
No events

Classes unloaded (0 events):
No events

Classes redefined (0 events):
No events

Internal exceptions (0 events):
No events

VM Operations (0 events):
No events

Events (0 events):
No events


Dynamic libraries:
0x00007ff6182b0000 - 0x00007ff6182c0000 	C:\Program Files\Java\jdk-19\bin\java.exe
0x00007ff98f770000 - 0x00007ff98f968000 	C:\WINDOWS\SYSTEM32\ntdll.dll
0x00007ff98d970000 - 0x00007ff98da2d000 	C:\WINDOWS\System32\KERNEL32.DLL
0x00007ff98d130000 - 0x00007ff98d426000 	C:\WINDOWS\System32\KERNELBASE.dll
0x00007ff98d530000 - 0x00007ff98d630000 	C:\WINDOWS\System32\ucrtbase.dll
0x00007ff956a20000 - 0x00007ff956a38000 	C:\Program Files\Java\jdk-19\bin\jli.dll
0x00007ff98f200000 - 0x00007ff98f2b3000 	C:\WINDOWS\System32\ADVAPI32.dll
0x00007ff98e600000 - 0x00007ff98e69e000 	C:\WINDOWS\System32\msvcrt.dll
0x00007ff98eae0000 - 0x00007ff98eb7f000 	C:\WINDOWS\System32\sechost.dll
0x00007ff98e830000 - 0x00007ff98e956000 	C:\WINDOWS\System32\RPCRT4.dll
0x00007ff98d790000 - 0x00007ff98d7b7000 	C:\WINDOWS\System32\bcrypt.dll
0x00007ff98d7d0000 - 0x00007ff98d96e000 	C:\WINDOWS\System32\USER32.dll
0x00007ff98cfe0000 - 0x00007ff98d002000 	C:\WINDOWS\System32\win32u.dll
0x00007ff98e980000 - 0x00007ff98e9ac000 	C:\WINDOWS\System32\GDI32.dll
0x00007ff98d010000 - 0x00007ff98d12a000 	C:\WINDOWS\System32\gdi32full.dll
0x00007ff98cf40000 - 0x00007ff98cfdd000 	C:\WINDOWS\System32\msvcp_win.dll
0x00007ff957dd0000 - 0x00007ff957deb000 	C:\Program Files\Java\jdk-19\bin\VCRUNTIME140.dll
0x00007ff97c250000 - 0x00007ff97c4ea000 	C:\WINDOWS\WinSxS\amd64_microsoft.windows.common-controls_6595b64144ccf1df_6.0.19041.3636_none_60b6a03d71f818d5\COMCTL32.dll
0x00007ff985700000 - 0x00007ff98570a000 	C:\WINDOWS\SYSTEM32\VERSION.dll
0x00007ff98f460000 - 0x00007ff98f490000 	C:\WINDOWS\System32\IMM32.DLL
0x00007ff95fb00000 - 0x00007ff95fb0c000 	C:\Program Files\Java\jdk-19\bin\vcruntime140_1.dll
0x00007ff947040000 - 0x00007ff9470ce000 	C:\Program Files\Java\jdk-19\bin\msvcp140.dll
0x00007ff8eca40000 - 0x00007ff8ed700000 	C:\Program Files\Java\jdk-19\bin\server\jvm.dll
0x00007ff988600000 - 0x00007ff988609000 	C:\WINDOWS\SYSTEM32\WSOCK32.dll
0x00007ff98f620000 - 0x00007ff98f68b000 	C:\WINDOWS\System32\WS2_32.dll
0x00007ff982300000 - 0x00007ff982327000 	C:\WINDOWS\SYSTEM32\WINMM.dll
0x00007ff98b680000 - 0x00007ff98b692000 	C:\WINDOWS\SYSTEM32\kernel.appcore.dll
0x00007ff95faa0000 - 0x00007ff95faaa000 	C:\Program Files\Java\jdk-19\bin\jimage.dll
0x00007ff98aa30000 - 0x00007ff98ac14000 	C:\WINDOWS\SYSTEM32\DBGHELP.DLL
0x00007ff976870000 - 0x00007ff9768a4000 	C:\WINDOWS\SYSTEM32\dbgcore.DLL
0x00007ff98ce40000 - 0x00007ff98cec2000 	C:\WINDOWS\System32\bcryptPrimitives.dll
0x00007ff94a650000 - 0x00007ff94a676000 	C:\Program Files\Java\jdk-19\bin\java.dll

dbghelp: loaded successfully - version: 4.0.5 - missing functions: none
symbol engine: initialized successfully - sym options: 0x614 - pdb path: .;C:\Program Files\Java\jdk-19\bin;C:\WINDOWS\SYSTEM32;C:\WINDOWS\WinSxS\amd64_microsoft.windows.common-controls_6595b64144ccf1df_6.0.19041.3636_none_60b6a03d71f818d5;C:\Program Files\Java\jdk-19\bin\server

VM Arguments:
java_command: D:\Projekty\Github\ServiceMeshProj\jarFiles\login.jar localhost 9020 8860 localhost
java_class_path (initial): D:\Projekty\Github\ServiceMeshProj\jarFiles\login.jar
Launcher Type: SUN_STANDARD

[Global flags]
     intx CICompilerCount                          = 4                                         {product} {ergonomic}
     uint ConcGCThreads                            = 2                                         {product} {ergonomic}
     uint G1ConcRefinementThreads                  = 8                                         {product} {ergonomic}
   size_t G1HeapRegionSize                         = 2097152                                   {product} {ergonomic}
    uintx GCDrainStackTargetSize                   = 64                                        {product} {ergonomic}
   size_t InitialHeapSize                          = 260046848                                 {product} {ergonomic}
   size_t MarkStackSize                            = 4194304                                   {product} {ergonomic}
   size_t MaxHeapSize                              = 4143972352                                {product} {ergonomic}
   size_t MinHeapDeltaBytes                        = 2097152                                   {product} {ergonomic}
   size_t MinHeapSize                              = 8388608                                   {product} {ergonomic}
    uintx NonNMethodCodeHeapSize                   = 5839372                                {pd product} {ergonomic}
    uintx NonProfiledCodeHeapSize                  = 122909434                              {pd product} {ergonomic}
    uintx ProfiledCodeHeapSize                     = 122909434                              {pd product} {ergonomic}
    uintx ReservedCodeCacheSize                    = 251658240                              {pd product} {ergonomic}
     bool SegmentedCodeCache                       = true                                      {product} {ergonomic}
   size_t SoftMaxHeapSize                          = 4143972352                             {manageable} {ergonomic}
     bool UseCompressedClassPointers               = true                           {product lp64_product} {ergonomic}
     bool UseCompressedOops                        = true                           {product lp64_product} {ergonomic}
     bool UseG1GC                                  = true                                      {product} {ergonomic}
     bool UseLargePagesIndividualAllocation        = false                                  {pd product} {ergonomic}

Logging:
Log output configuration:
 #0: stdout all=warning uptime,level,tags foldmultilines=false
 #1: stderr all=off uptime,level,tags foldmultilines=false

Environment Variables:
PATH=C:\Program Files\Common Files\Oracle\Java\javapath;C:\Program Files (x86)\Common Files\Oracle\Java\javapath;C:\Windows\system32;C:\Windows;C:\Windows\System32\Wbem;C:\Windows\System32\WindowsPowerShell\v1.0\;C:\Windows\System32\OpenSSH\;C:\Program Files (x86)\NVIDIA Corporation\PhysX\Common;C:\Program Files\NVIDIA Corporation\NVIDIA NvDLISR;C:\Programy\MATLAB\R2020a\bin;C:\Program Files\Microsoft SQL Server\Client SDK\ODBC\170\Tools\Binn\;C:\Program Files (x86)\Microsoft SQL Server\150\Tools\Binn\;C:\Program Files\Microsoft SQL Server\150\Tools\Binn\;C:\Program Files\Microsoft SQL Server\150\DTS\Binn\;C:\Program Files (x86)\Microsoft SQL Server\150\DTS\Binn\;C:\WINDOWS\system32;C:\WINDOWS;C:\WINDOWS\System32\Wbem;C:\WINDOWS\System32\WindowsPowerShell\v1.0\;C:\WINDOWS\System32\OpenSSH\;C:\Program Files\dotnet\;C:\Program Files (x86)\Windows Kits\10\Windows Performance Toolkit\;C:\Program Files\PowerShell\7-preview\preview;C:\Program Files\PowerShell\7\;C:\Program Files\Git\cmd;C:\Program Files\MySQL\MySQL Shell 8.0\bin\;C:\Users\szymo\miniconda3;C:\Users\szymo\miniconda3\Library\mingw-w64\bin;C:\Users\szymo\miniconda3\Library\usr\bin;C:\Users\szymo\miniconda3\Library\bin;C:\Users\szymo\miniconda3\Scripts;C:\Users\szymo\AppData\Local\Programs\Python\Python311\Scripts\;C:\Users\szymo\AppData\Local\Programs\Python\Python311\;C:\Users\szymo\anaconda3\python.exe;C:\Users\szymo\AppData\Local\Microsoft\WindowsApps;C:\Programy\SCIPOptSuite 7.0.0\bin;C:\Users\szymo\AppData\Local\GitHubDesktop\bin;C:\Programy\Microsoft VS Code\bin;C:\PathPrograms
USERNAME=szymo
OS=Windows_NT
PROCESSOR_IDENTIFIER=AMD64 Family 23 Model 24 Stepping 1, AuthenticAMD
TMP=C:\Users\szymo\AppData\Local\Temp
TEMP=C:\Users\szymo\AppData\Local\Temp



---------------  S Y S T E M  ---------------

OS:
 Windows 10 , 64 bit Build 19041 (10.0.19041.3636)
OS uptime: 3 days 13:27 hours

CPU: total 8 (initial active 8) (8 cores per cpu, 2 threads per core) family 23 model 24 stepping 1 microcode 0x0, cx8, cmov, fxsr, ht, mmx, 3dnowpref, sse, sse2, sse3, ssse3, sse4a, sse4.1, sse4.2, popcnt, lzcnt, tsc, tscinvbit, avx, avx2, aes, clmul, bmi1, bmi2, adx, sha, fma, vzeroupper, clflush, clflushopt, rdtscp

Memory: 4k page, system-wide physical 15807M (2437M free)
TotalPageFile size 64959M (AvailPageFile size 12M)
current process WorkingSet (physical memory assigned to process): 10M, peak: 10M
current process commit charge ("private bytes"): 60M, peak: 308M

vm_info: Java HotSpot(TM) 64-Bit Server VM (19.0.2+7-44) for windows-amd64 JRE (19.0.2+7-44), built on 2022-11-30T18:02:09Z by "mach5one" with MS VC++ 17.1 (VS2022)

END.
